<?xml version="1.0" encoding="UTF-8"?>
<!-- Generated by org.testng.reporters.JUnitXMLReporter -->
<testsuite hostname="LAPTOP-6HQKB9E7" ignored="1" name="ChromeTest" tests="7" failures="0" timestamp="06 May 2023 07:44:18 GMT" time="3.957" errors="0">
  <testcase name="tC1" time="3.904" classname="org.sample.DClass"/>
  <testcase name="tC17" time="0.001" classname="org.sample.CClass"/>
  <testcase name="tC18" time="0.001" classname="org.sample.CClass"/>
  <testcase name="tC19" time="0.002" classname="org.sample.CClass"/>
  <testcase name="tC20" time="0.001" classname="org.sample.CClass"/>
  <testcase name="tC21" time="0.002" classname="org.sample.CClass"/>
  <testcase name="tC22" time="0.002" classname="org.sample.CClass"/>
  <testcase name="tC2" time="0.0" classname="org.sample.DClass">
    <ignored/>
  </testcase> <!-- tC2 -->
</testsuite> <!-- ChromeTest -->
