<?xml version="1.0" encoding="UTF-8"?>
<!-- Generated by org.testng.reporters.JUnitXMLReporter -->
<testsuite hostname="LAPTOP-6HQKB9E7" ignored="2" name="Test" tests="1" failures="0" timestamp="06 May 2023 07:43:48 GMT" time="4.644" errors="0">
  <testcase name="tC2" time="1.498" classname="org.sample.Project"/>
  <testcase name="tC1" time="0.0" classname="org.sample.Project">
    <ignored/>
  </testcase> <!-- tC1 -->
  <testcase name="tC3" time="0.0" classname="org.sample.Project">
    <ignored/>
  </testcase> <!-- tC3 -->
</testsuite> <!-- Test -->
